<?xml version="1.0" encoding="UTF-8"?>
<coverage generated="1730162411090" clover="3.2.0">
  <project timestamp="1730162411091" name="All files">
    <metrics statements="75" coveredstatements="53" conditionals="42" coveredconditionals="26" methods="34" coveredmethods="16" elements="151" coveredelements="95" complexity="0" loc="75" ncloc="75" packages="2" files="2" classes="2"/>
    <package name="components">
      <metrics statements="63" coveredstatements="41" conditionals="41" coveredconditionals="26" methods="28" coveredmethods="14"/>
      <file name="TaskSection.tsx" path="C:\Users\WIDEN\Downloads\react-task\react-task\src\components\TaskSection.tsx">
        <metrics statements="63" coveredstatements="41" conditionals="41" coveredconditionals="26" methods="28" coveredmethods="14"/>
        <line num="1" count="1" type="stmt"/>
        <line num="14" count="1" type="stmt"/>
        <line num="15" count="1" type="stmt"/>
        <line num="16" count="1" type="stmt"/>
        <line num="26" count="1" type="stmt"/>
        <line num="27" count="18" type="stmt"/>
        <line num="28" count="17" type="stmt"/>
        <line num="29" count="17" type="stmt"/>
        <line num="30" count="17" type="stmt"/>
        <line num="31" count="17" type="stmt"/>
        <line num="32" count="17" type="stmt"/>
        <line num="33" count="17" type="stmt"/>
        <line num="35" count="17" type="stmt"/>
        <line num="36" count="4" type="stmt"/>
        <line num="37" count="4" type="stmt"/>
        <line num="38" count="4" type="stmt"/>
        <line num="39" count="4" type="stmt"/>
        <line num="40" count="4" type="stmt"/>
        <line num="42" count="0" type="stmt"/>
        <line num="46" count="4" type="stmt"/>
        <line num="49" count="17" type="stmt"/>
        <line num="50" count="17" type="cond" truecount="2" falsecount="0"/>
        <line num="51" count="3" type="stmt"/>
        <line num="52" count="16" type="cond" truecount="1" falsecount="0"/>
        <line num="53" count="16" type="stmt"/>
        <line num="56" count="0" type="stmt"/>
        <line num="59" count="17" type="stmt"/>
        <line num="60" count="1" type="stmt"/>
        <line num="61" count="1" type="stmt"/>
        <line num="70" count="1" type="stmt"/>
        <line num="71" count="1" type="stmt"/>
        <line num="72" count="1" type="stmt"/>
        <line num="73" count="1" type="stmt"/>
        <line num="75" count="0" type="stmt"/>
        <line num="79" count="17" type="stmt"/>
        <line num="80" count="0" type="stmt"/>
        <line num="81" count="0" type="stmt"/>
        <line num="84" count="0" type="stmt"/>
        <line num="86" count="0" type="stmt"/>
        <line num="90" count="17" type="stmt"/>
        <line num="91" count="0" type="stmt"/>
        <line num="92" count="0" type="stmt"/>
        <line num="103" count="0" type="stmt"/>
        <line num="104" count="0" type="stmt"/>
        <line num="105" count="0" type="cond" truecount="0" falsecount="2"/>
        <line num="107" count="0" type="stmt"/>
        <line num="109" count="0" type="stmt"/>
        <line num="113" count="17" type="stmt"/>
        <line num="185" count="0" type="stmt"/>
        <line num="204" count="1" type="stmt"/>
        <line num="216" count="36" type="stmt"/>
        <line num="223" count="0" type="stmt"/>
        <line num="233" count="36" type="stmt"/>
        <line num="240" count="0" type="stmt"/>
        <line num="262" count="1" type="stmt"/>
        <line num="278" count="8" type="stmt"/>
        <line num="291" count="0" type="stmt"/>
        <line num="302" count="34" type="stmt"/>
        <line num="319" count="0" type="stmt"/>
        <line num="339" count="0" type="stmt"/>
        <line num="344" count="0" type="stmt"/>
        <line num="353" count="0" type="stmt"/>
        <line num="393" count="1" type="stmt"/>
      </file>
    </package>
    <package name="context">
      <metrics statements="12" coveredstatements="12" conditionals="1" coveredconditionals="0" methods="6" coveredmethods="2"/>
      <file name="AppSettingsProvider.tsx" path="C:\Users\WIDEN\Downloads\react-task\react-task\src\context\AppSettingsProvider.tsx">
        <metrics statements="12" coveredstatements="12" conditionals="1" coveredconditionals="0" methods="6" coveredmethods="2"/>
        <line num="1" count="1" type="stmt"/>
        <line num="11" count="1" type="stmt"/>
        <line num="13" count="1" type="stmt"/>
        <line num="14" count="4" type="stmt"/>
        <line num="15" count="4" type="stmt"/>
        <line num="17" count="4" type="stmt"/>
        <line num="18" count="4" type="stmt"/>
        <line num="20" count="4" type="stmt"/>
        <line num="36" count="1" type="stmt"/>
        <line num="37" count="18" type="stmt"/>
        <line num="38" count="17" type="cond" truecount="0" falsecount="1"/>
        <line num="39" count="17" type="stmt"/>
      </file>
    </package>
  </project>
</coverage>
