{"C:\\Users\\WIDEN\\Downloads\\react-task\\react-task\\src\\components\\TaskSection.tsx": {"path":"C:\\Users\\WIDEN\\Downloads\\react-task\\react-task\\src\\components\\TaskSection.tsx","statementMap":{"0":{"start":{"line":1,"column":0},"end":{"line":1,"column":null}},"1":{"start":{"line":14,"column":0},"end":{"line":14,"column":44}},"2":{"start":{"line":15,"column":0},"end":{"line":15,"column":64}},"3":{"start":{"line":16,"column":0},"end":{"line":16,"column":47}},"4":{"start":{"line":26,"column":20},"end":{"line":391,"column":1}},"5":{"start":{"line":27,"column":25},"end":{"line":27,"column":41}},"6":{"start":{"line":28,"column":22},"end":{"line":28,"column":54}},"7":{"start":{"line":29,"column":40},"end":{"line":29,"column":63}},"8":{"start":{"line":30,"column":28},"end":{"line":30,"column":48}},"9":{"start":{"line":31,"column":42},"end":{"line":31,"column":57}},"10":{"start":{"line":32,"column":44},"end":{"line":32,"column":71}},"11":{"start":{"line":33,"column":32},"end":{"line":33,"column":52}},"12":{"start":{"line":35,"column":2},"end":{"line":47,"column":9}},"13":{"start":{"line":36,"column":23},"end":{"line":44,"column":6}},"14":{"start":{"line":36,"column":34},"end":{"line":44,"column":6}},"15":{"start":{"line":37,"column":6},"end":{"line":43,"column":7}},"16":{"start":{"line":38,"column":25},"end":{"line":38,"column":76}},"17":{"start":{"line":39,"column":21},"end":{"line":39,"column":42}},"18":{"start":{"line":40,"column":8},"end":{"line":40,"column":29}},"19":{"start":{"line":42,"column":8},"end":{"line":42,"column":54}},"20":{"start":{"line":46,"column":4},"end":{"line":46,"column":17}},"21":{"start":{"line":49,"column":24},"end":{"line":57,"column":3}},"22":{"start":{"line":50,"column":4},"end":{"line":54,"column":5}},"23":{"start":{"line":51,"column":6},"end":{"line":51,"column":61}},"24":{"start":{"line":51,"column":36},"end":{"line":51,"column":59}},"25":{"start":{"line":52,"column":11},"end":{"line":54,"column":5}},"26":{"start":{"line":53,"column":6},"end":{"line":53,"column":19}},"27":{"start":{"line":56,"column":4},"end":{"line":56,"column":14}},"28":{"start":{"line":59,"column":18},"end":{"line":77,"column":4}},"29":{"start":{"line":59,"column":29},"end":{"line":77,"column":4}},"30":{"start":{"line":60,"column":4},"end":{"line":76,"column":5}},"31":{"start":{"line":61,"column":23},"end":{"line":69,"column":8}},"32":{"start":{"line":70,"column":19},"end":{"line":70,"column":40}},"33":{"start":{"line":71,"column":6},"end":{"line":71,"column":33}},"34":{"start":{"line":72,"column":6},"end":{"line":72,"column":29}},"35":{"start":{"line":73,"column":6},"end":{"line":73,"column":21}},"36":{"start":{"line":75,"column":6},"end":{"line":75,"column":49}},"37":{"start":{"line":79,"column":21},"end":{"line":88,"column":4}},"38":{"start":{"line":79,"column":42},"end":{"line":88,"column":4}},"39":{"start":{"line":80,"column":4},"end":{"line":87,"column":5}},"40":{"start":{"line":81,"column":6},"end":{"line":83,"column":9}},"41":{"start":{"line":84,"column":6},"end":{"line":84,"column":55}},"42":{"start":{"line":84,"column":38},"end":{"line":84,"column":52}},"43":{"start":{"line":86,"column":6},"end":{"line":86,"column":51}},"44":{"start":{"line":90,"column":21},"end":{"line":111,"column":4}},"45":{"start":{"line":90,"column":50},"end":{"line":111,"column":4}},"46":{"start":{"line":91,"column":4},"end":{"line":110,"column":5}},"47":{"start":{"line":92,"column":23},"end":{"line":101,"column":null}},"48":{"start":{"line":103,"column":26},"end":{"line":103,"column":47}},"49":{"start":{"line":104,"column":6},"end":{"line":106,"column":8}},"50":{"start":{"line":105,"column":29},"end":{"line":105,"column":76}},"51":{"start":{"line":107,"column":6},"end":{"line":107,"column":29}},"52":{"start":{"line":109,"column":6},"end":{"line":109,"column":51}},"53":{"start":{"line":113,"column":2},"end":{"line":390,"column":4}},"54":{"start":{"line":185,"column":27},"end":{"line":185,"column":46}},"55":{"start":{"line":204,"column":27},"end":{"line":204,"column":52}},"56":{"start":{"line":216,"column":38},"end":{"line":216,"column":52}},"57":{"start":{"line":223,"column":27},"end":{"line":223,"column":47}},"58":{"start":{"line":233,"column":38},"end":{"line":233,"column":53}},"59":{"start":{"line":240,"column":27},"end":{"line":240,"column":51}},"60":{"start":{"line":262,"column":27},"end":{"line":262,"column":48}},"61":{"start":{"line":278,"column":31},"end":{"line":278,"column":57}},"62":{"start":{"line":291,"column":29},"end":{"line":291,"column":51}},"63":{"start":{"line":302,"column":10},"end":{"line":303,"column":null}},"64":{"start":{"line":319,"column":39},"end":{"line":319,"column":58}},"65":{"start":{"line":339,"column":20},"end":{"line":339,"column":80}},"66":{"start":{"line":344,"column":33},"end":{"line":344,"column":58}},"67":{"start":{"line":353,"column":33},"end":{"line":353,"column":55}},"68":{"start":{"line":393,"column":0},"end":{"line":393,"column":27}}},"fnMap":{"0":{"name":"(anonymous_7)","decl":{"start":{"line":26,"column":20},"end":{"line":26,"column":23}},"loc":{"start":{"line":26,"column":25},"end":{"line":391,"column":1}}},"1":{"name":"(anonymous_8)","decl":{"start":{"line":35,"column":12},"end":{"line":35,"column":15}},"loc":{"start":{"line":35,"column":17},"end":{"line":47,"column":3}}},"2":{"name":"(anonymous_9)","decl":{"start":{"line":36,"column":23},"end":{"line":36,"column":32}},"loc":{"start":{"line":36,"column":34},"end":{"line":44,"column":6}}},"3":{"name":"(anonymous_10)","decl":{"start":{"line":36,"column":34},"end":{"line":36,"column":null}},"loc":{"start":{"line":36,"column":34},"end":{"line":44,"column":5}}},"4":{"name":"(anonymous_11)","decl":{"start":{"line":49,"column":24},"end":{"line":49,"column":27}},"loc":{"start":{"line":49,"column":29},"end":{"line":57,"column":3}}},"5":{"name":"(anonymous_12)","decl":{"start":{"line":51,"column":26},"end":{"line":51,"column":27}},"loc":{"start":{"line":51,"column":36},"end":{"line":51,"column":59}}},"6":{"name":"(anonymous_13)","decl":{"start":{"line":59,"column":18},"end":{"line":59,"column":27}},"loc":{"start":{"line":59,"column":29},"end":{"line":77,"column":4}}},"7":{"name":"(anonymous_14)","decl":{"start":{"line":59,"column":29},"end":{"line":59,"column":null}},"loc":{"start":{"line":59,"column":29},"end":{"line":77,"column":3}}},"8":{"name":"(anonymous_15)","decl":{"start":{"line":79,"column":21},"end":{"line":79,"column":28}},"loc":{"start":{"line":79,"column":42},"end":{"line":88,"column":4}}},"9":{"name":"(anonymous_16)","decl":{"start":{"line":79,"column":42},"end":{"line":79,"column":null}},"loc":{"start":{"line":79,"column":42},"end":{"line":88,"column":3}}},"10":{"name":"(anonymous_17)","decl":{"start":{"line":84,"column":28},"end":{"line":84,"column":29}},"loc":{"start":{"line":84,"column":38},"end":{"line":84,"column":52}}},"11":{"name":"(anonymous_18)","decl":{"start":{"line":90,"column":21},"end":{"line":90,"column":28}},"loc":{"start":{"line":90,"column":50},"end":{"line":111,"column":4}}},"12":{"name":"(anonymous_19)","decl":{"start":{"line":90,"column":50},"end":{"line":90,"column":null}},"loc":{"start":{"line":90,"column":50},"end":{"line":111,"column":3}}},"13":{"name":"(anonymous_20)","decl":{"start":{"line":105,"column":18},"end":{"line":105,"column":19}},"loc":{"start":{"line":105,"column":29},"end":{"line":105,"column":76}}},"14":{"name":"(anonymous_21)","decl":{"start":{"line":185,"column":21},"end":{"line":185,"column":24}},"loc":{"start":{"line":185,"column":27},"end":{"line":185,"column":46}}},"15":{"name":"(anonymous_22)","decl":{"start":{"line":204,"column":21},"end":{"line":204,"column":24}},"loc":{"start":{"line":204,"column":27},"end":{"line":204,"column":52}}},"16":{"name":"(anonymous_23)","decl":{"start":{"line":216,"column":28},"end":{"line":216,"column":29}},"loc":{"start":{"line":216,"column":38},"end":{"line":216,"column":52}}},"17":{"name":"(anonymous_24)","decl":{"start":{"line":223,"column":21},"end":{"line":223,"column":24}},"loc":{"start":{"line":223,"column":27},"end":{"line":223,"column":47}}},"18":{"name":"(anonymous_25)","decl":{"start":{"line":233,"column":28},"end":{"line":233,"column":29}},"loc":{"start":{"line":233,"column":38},"end":{"line":233,"column":53}}},"19":{"name":"(anonymous_26)","decl":{"start":{"line":240,"column":21},"end":{"line":240,"column":24}},"loc":{"start":{"line":240,"column":27},"end":{"line":240,"column":51}}},"20":{"name":"(anonymous_27)","decl":{"start":{"line":262,"column":21},"end":{"line":262,"column":24}},"loc":{"start":{"line":262,"column":27},"end":{"line":262,"column":48}}},"21":{"name":"(anonymous_28)","decl":{"start":{"line":278,"column":24},"end":{"line":278,"column":25}},"loc":{"start":{"line":278,"column":31},"end":{"line":278,"column":57}}},"22":{"name":"(anonymous_29)","decl":{"start":{"line":291,"column":23},"end":{"line":291,"column":26}},"loc":{"start":{"line":291,"column":29},"end":{"line":291,"column":51}}},"23":{"name":"(anonymous_30)","decl":{"start":{"line":301,"column":29},"end":{"line":301,"column":30}},"loc":{"start":{"line":302,"column":10},"end":{"line":303,"column":null}}},"24":{"name":"(anonymous_31)","decl":{"start":{"line":319,"column":33},"end":{"line":319,"column":36}},"loc":{"start":{"line":319,"column":39},"end":{"line":319,"column":58}}},"25":{"name":"(anonymous_32)","decl":{"start":{"line":338,"column":28},"end":{"line":338,"column":29}},"loc":{"start":{"line":339,"column":20},"end":{"line":339,"column":80}}},"26":{"name":"(anonymous_33)","decl":{"start":{"line":344,"column":27},"end":{"line":344,"column":30}},"loc":{"start":{"line":344,"column":33},"end":{"line":344,"column":58}}},"27":{"name":"(anonymous_34)","decl":{"start":{"line":353,"column":27},"end":{"line":353,"column":30}},"loc":{"start":{"line":353,"column":33},"end":{"line":353,"column":55}}}},"branchMap":{"0":{"loc":{"start":{"line":50,"column":4},"end":{"line":54,"column":5}},"type":"if","locations":[{"start":{"line":50,"column":4},"end":{"line":54,"column":5}},{"start":{"line":52,"column":11},"end":{"line":54,"column":5}}]},"1":{"loc":{"start":{"line":52,"column":11},"end":{"line":54,"column":5}},"type":"if","locations":[{"start":{"line":52,"column":11},"end":{"line":54,"column":5}}]},"2":{"loc":{"start":{"line":105,"column":29},"end":{"line":105,"column":76}},"type":"cond-expr","locations":[{"start":{"line":105,"column":58},"end":{"line":105,"column":69}},{"start":{"line":105,"column":72},"end":{"line":105,"column":76}}]},"3":{"loc":{"start":{"line":116,"column":8},"end":{"line":116,"column":null}},"type":"cond-expr","locations":[{"start":{"line":116,"column":21},"end":{"line":116,"column":34}},{"start":{"line":116,"column":37},"end":{"line":116,"column":null}}]},"4":{"loc":{"start":{"line":175,"column":10},"end":{"line":177,"column":null}},"type":"cond-expr","locations":[{"start":{"line":176,"column":14},"end":{"line":176,"column":44}},{"start":{"line":177,"column":14},"end":{"line":177,"column":null}}]},"5":{"loc":{"start":{"line":183,"column":14},"end":{"line":183,"column":null}},"type":"cond-expr","locations":[{"start":{"line":183,"column":40},"end":{"line":183,"column":69}},{"start":{"line":183,"column":72},"end":{"line":183,"column":null}}]},"6":{"loc":{"start":{"line":192,"column":16},"end":{"line":194,"column":null}},"type":"cond-expr","locations":[{"start":{"line":193,"column":20},"end":{"line":193,"column":44}},{"start":{"line":194,"column":20},"end":{"line":194,"column":null}}]},"7":{"loc":{"start":{"line":202,"column":14},"end":{"line":202,"column":null}},"type":"cond-expr","locations":[{"start":{"line":202,"column":46},"end":{"line":202,"column":75}},{"start":{"line":202,"column":78},"end":{"line":202,"column":null}}]},"8":{"loc":{"start":{"line":211,"column":16},"end":{"line":213,"column":null}},"type":"cond-expr","locations":[{"start":{"line":212,"column":20},"end":{"line":212,"column":44}},{"start":{"line":213,"column":20},"end":{"line":213,"column":null}}]},"9":{"loc":{"start":{"line":221,"column":14},"end":{"line":221,"column":null}},"type":"cond-expr","locations":[{"start":{"line":221,"column":41},"end":{"line":221,"column":70}},{"start":{"line":221,"column":73},"end":{"line":221,"column":null}}]},"10":{"loc":{"start":{"line":228,"column":16},"end":{"line":230,"column":null}},"type":"cond-expr","locations":[{"start":{"line":229,"column":20},"end":{"line":229,"column":44}},{"start":{"line":230,"column":20},"end":{"line":230,"column":null}}]},"11":{"loc":{"start":{"line":238,"column":14},"end":{"line":238,"column":null}},"type":"cond-expr","locations":[{"start":{"line":238,"column":45},"end":{"line":238,"column":74}},{"start":{"line":238,"column":77},"end":{"line":238,"column":null}}]},"12":{"loc":{"start":{"line":247,"column":16},"end":{"line":249,"column":null}},"type":"cond-expr","locations":[{"start":{"line":248,"column":20},"end":{"line":248,"column":44}},{"start":{"line":249,"column":20},"end":{"line":249,"column":null}}]},"13":{"loc":{"start":{"line":271,"column":7},"end":{"line":297,"column":null}},"type":"binary-expr","locations":[{"start":{"line":271,"column":7},"end":{"line":271,"column":19}},{"start":{"line":272,"column":8},"end":{"line":296,"column":null}}]},"14":{"loc":{"start":{"line":305,"column":14},"end":{"line":305,"column":null}},"type":"cond-expr","locations":[{"start":{"line":305,"column":27},"end":{"line":305,"column":40}},{"start":{"line":305,"column":43},"end":{"line":305,"column":null}}]},"15":{"loc":{"start":{"line":311,"column":18},"end":{"line":311,"column":null}},"type":"cond-expr","locations":[{"start":{"line":311,"column":31},"end":{"line":311,"column":44}},{"start":{"line":311,"column":47},"end":{"line":311,"column":null}}]},"16":{"loc":{"start":{"line":313,"column":18},"end":{"line":313,"column":null}},"type":"cond-expr","locations":[{"start":{"line":313,"column":35},"end":{"line":313,"column":52}},{"start":{"line":313,"column":55},"end":{"line":313,"column":null}}]},"17":{"loc":{"start":{"line":316,"column":17},"end":{"line":316,"column":55}},"type":"cond-expr","locations":[{"start":{"line":316,"column":34},"end":{"line":316,"column":45}},{"start":{"line":316,"column":48},"end":{"line":316,"column":55}}]},"18":{"loc":{"start":{"line":333,"column":13},"end":{"line":359,"column":null}},"type":"cond-expr","locations":[{"start":{"line":334,"column":14},"end":{"line":348,"column":null}},{"start":{"line":351,"column":14},"end":{"line":357,"column":null}}]},"19":{"loc":{"start":{"line":333,"column":13},"end":{"line":333,"column":30}},"type":"cond-expr","locations":[{"start":{"line":333,"column":26},"end":{"line":333,"column":28}},{"start":{"line":333,"column":13},"end":{"line":333,"column":30}}]},"20":{"loc":{"start":{"line":333,"column":13},"end":{"line":333,"column":28}},"type":"binary-expr","locations":[{"start":{"line":333,"column":13},"end":{"line":333,"column":28}},{"start":{"line":333,"column":13},"end":{"line":333,"column":28}}]}},"s":{"0":1,"1":1,"2":1,"3":1,"4":1,"5":18,"6":17,"7":17,"8":17,"9":17,"10":17,"11":17,"12":17,"13":4,"14":4,"15":4,"16":4,"17":4,"18":4,"19":0,"20":4,"21":17,"22":17,"23":1,"24":3,"25":16,"26":16,"27":0,"28":17,"29":1,"30":1,"31":1,"32":1,"33":1,"34":1,"35":1,"36":0,"37":17,"38":0,"39":0,"40":0,"41":0,"42":0,"43":0,"44":17,"45":0,"46":0,"47":0,"48":0,"49":0,"50":0,"51":0,"52":0,"53":17,"54":0,"55":1,"56":36,"57":0,"58":36,"59":0,"60":1,"61":8,"62":0,"63":34,"64":0,"65":0,"66":0,"67":0,"68":1},"f":{"0":18,"1":4,"2":4,"3":4,"4":17,"5":3,"6":1,"7":1,"8":0,"9":0,"10":0,"11":0,"12":0,"13":0,"14":0,"15":1,"16":36,"17":0,"18":36,"19":0,"20":1,"21":8,"22":0,"23":34,"24":0,"25":0,"26":0,"27":0},"b":{"0":[1,16],"1":[16],"2":[0,0],"3":[0,17],"4":[0,17],"5":[16,1],"6":[0,17],"7":[1,16],"8":[0,17],"9":[0,17],"10":[0,17],"11":[0,17],"12":[0,17],"13":[17,10],"14":[0,34],"15":[0,34],"16":[12,22],"17":[12,22],"18":[0,34],"19":[34,0],"20":[34,0]}}
,"C:\\Users\\WIDEN\\Downloads\\react-task\\react-task\\src\\context\\AppSettingsProvider.tsx": {"path":"C:\\Users\\WIDEN\\Downloads\\react-task\\react-task\\src\\context\\AppSettingsProvider.tsx","statementMap":{"0":{"start":{"line":1,"column":0},"end":{"line":1,"column":78}},"1":{"start":{"line":11,"column":27},"end":{"line":11,"column":88}},"2":{"start":{"line":13,"column":70},"end":{"line":33,"column":1}},"3":{"start":{"line":14,"column":36},"end":{"line":14,"column":51}},"4":{"start":{"line":15,"column":42},"end":{"line":15,"column":66}},"5":{"start":{"line":17,"column":25},"end":{"line":17,"column":59}},"6":{"start":{"line":17,"column":31},"end":{"line":17,"column":59}},"7":{"start":{"line":17,"column":53},"end":{"line":17,"column":58}},"8":{"start":{"line":18,"column":29},"end":{"line":18,"column":67}},"9":{"start":{"line":18,"column":35},"end":{"line":18,"column":67}},"10":{"start":{"line":18,"column":61},"end":{"line":18,"column":66}},"11":{"start":{"line":20,"column":2},"end":{"line":32,"column":4}},"12":{"start":{"line":13,"column":13},"end":{"line":13,"column":70}},"13":{"start":{"line":36,"column":30},"end":{"line":40,"column":1}},"14":{"start":{"line":37,"column":18},"end":{"line":37,"column":48}},"15":{"start":{"line":38,"column":2},"end":{"line":38,"column":93}},"16":{"start":{"line":38,"column":16},"end":{"line":38,"column":93}},"17":{"start":{"line":39,"column":2},"end":{"line":39,"column":17}},"18":{"start":{"line":36,"column":13},"end":{"line":36,"column":30}}},"fnMap":{"0":{"name":"(anonymous_6)","decl":{"start":{"line":13,"column":70},"end":{"line":13,"column":71}},"loc":{"start":{"line":13,"column":87},"end":{"line":33,"column":1}}},"1":{"name":"(anonymous_7)","decl":{"start":{"line":17,"column":25},"end":{"line":17,"column":28}},"loc":{"start":{"line":17,"column":31},"end":{"line":17,"column":59}}},"2":{"name":"(anonymous_8)","decl":{"start":{"line":17,"column":43},"end":{"line":17,"column":44}},"loc":{"start":{"line":17,"column":53},"end":{"line":17,"column":58}}},"3":{"name":"(anonymous_9)","decl":{"start":{"line":18,"column":29},"end":{"line":18,"column":32}},"loc":{"start":{"line":18,"column":35},"end":{"line":18,"column":67}}},"4":{"name":"(anonymous_10)","decl":{"start":{"line":18,"column":51},"end":{"line":18,"column":52}},"loc":{"start":{"line":18,"column":61},"end":{"line":18,"column":66}}},"5":{"name":"(anonymous_11)","decl":{"start":{"line":36,"column":30},"end":{"line":36,"column":33}},"loc":{"start":{"line":36,"column":35},"end":{"line":40,"column":1}}}},"branchMap":{"0":{"loc":{"start":{"line":38,"column":2},"end":{"line":38,"column":93}},"type":"if","locations":[{"start":{"line":38,"column":2},"end":{"line":38,"column":93}}]}},"s":{"0":1,"1":1,"2":1,"3":4,"4":4,"5":4,"6":0,"7":0,"8":4,"9":0,"10":0,"11":4,"12":1,"13":1,"14":18,"15":17,"16":0,"17":17,"18":1},"f":{"0":4,"1":0,"2":0,"3":0,"4":0,"5":18},"b":{"0":[0]}}
}
