TN:
SF:src\components\TaskSection.tsx
FN:26,(anonymous_7)
FN:35,(anonymous_8)
FN:36,(anonymous_9)
FN:36,(anonymous_10)
FN:49,(anonymous_11)
FN:51,(anonymous_12)
FN:59,(anonymous_13)
FN:59,(anonymous_14)
FN:79,(anonymous_15)
FN:79,(anonymous_16)
FN:84,(anonymous_17)
FN:90,(anonymous_18)
FN:90,(anonymous_19)
FN:105,(anonymous_20)
FN:185,(anonymous_21)
FN:204,(anonymous_22)
FN:216,(anonymous_23)
FN:223,(anonymous_24)
FN:233,(anonymous_25)
FN:240,(anonymous_26)
FN:262,(anonymous_27)
FN:278,(anonymous_28)
FN:291,(anonymous_29)
FN:301,(anonymous_30)
FN:319,(anonymous_31)
FN:338,(anonymous_32)
FN:344,(anonymous_33)
FN:353,(anonymous_34)
FNF:28
FNH:14
FNDA:18,(anonymous_7)
FNDA:4,(anonymous_8)
FNDA:4,(anonymous_9)
FNDA:4,(anonymous_10)
FNDA:17,(anonymous_11)
FNDA:3,(anonymous_12)
FNDA:1,(anonymous_13)
FNDA:1,(anonymous_14)
FNDA:0,(anonymous_15)
FNDA:0,(anonymous_16)
FNDA:0,(anonymous_17)
FNDA:0,(anonymous_18)
FNDA:0,(anonymous_19)
FNDA:0,(anonymous_20)
FNDA:0,(anonymous_21)
FNDA:1,(anonymous_22)
FNDA:36,(anonymous_23)
FNDA:0,(anonymous_24)
FNDA:36,(anonymous_25)
FNDA:0,(anonymous_26)
FNDA:1,(anonymous_27)
FNDA:8,(anonymous_28)
FNDA:0,(anonymous_29)
FNDA:34,(anonymous_30)
FNDA:0,(anonymous_31)
FNDA:0,(anonymous_32)
FNDA:0,(anonymous_33)
FNDA:0,(anonymous_34)
DA:1,1
DA:14,1
DA:15,1
DA:16,1
DA:26,1
DA:27,18
DA:28,17
DA:29,17
DA:30,17
DA:31,17
DA:32,17
DA:33,17
DA:35,17
DA:36,4
DA:37,4
DA:38,4
DA:39,4
DA:40,4
DA:42,0
DA:46,4
DA:49,17
DA:50,17
DA:51,3
DA:52,16
DA:53,16
DA:56,0
DA:59,17
DA:60,1
DA:61,1
DA:70,1
DA:71,1
DA:72,1
DA:73,1
DA:75,0
DA:79,17
DA:80,0
DA:81,0
DA:84,0
DA:86,0
DA:90,17
DA:91,0
DA:92,0
DA:103,0
DA:104,0
DA:105,0
DA:107,0
DA:109,0
DA:113,17
DA:185,0
DA:204,1
DA:216,36
DA:223,0
DA:233,36
DA:240,0
DA:262,1
DA:278,8
DA:291,0
DA:302,34
DA:319,0
DA:339,0
DA:344,0
DA:353,0
DA:393,1
LF:63
LH:41
BRDA:50,0,0,1
BRDA:50,0,1,16
BRDA:52,1,0,16
BRDA:105,2,0,0
BRDA:105,2,1,0
BRDA:116,3,0,0
BRDA:116,3,1,17
BRDA:175,4,0,0
BRDA:175,4,1,17
BRDA:183,5,0,16
BRDA:183,5,1,1
BRDA:192,6,0,0
BRDA:192,6,1,17
BRDA:202,7,0,1
BRDA:202,7,1,16
BRDA:211,8,0,0
BRDA:211,8,1,17
BRDA:221,9,0,0
BRDA:221,9,1,17
BRDA:228,10,0,0
BRDA:228,10,1,17
BRDA:238,11,0,0
BRDA:238,11,1,17
BRDA:247,12,0,0
BRDA:247,12,1,17
BRDA:271,13,0,17
BRDA:271,13,1,10
BRDA:305,14,0,0
BRDA:305,14,1,34
BRDA:311,15,0,0
BRDA:311,15,1,34
BRDA:313,16,0,12
BRDA:313,16,1,22
BRDA:316,17,0,12
BRDA:316,17,1,22
BRDA:333,18,0,0
BRDA:333,18,1,34
BRDA:333,19,0,34
BRDA:333,19,1,0
BRDA:333,20,0,34
BRDA:333,20,1,0
BRF:41
BRH:26
end_of_record
TN:
SF:src\context\AppSettingsProvider.tsx
FN:13,(anonymous_6)
FN:17,(anonymous_7)
FN:17,(anonymous_8)
FN:18,(anonymous_9)
FN:18,(anonymous_10)
FN:36,(anonymous_11)
FNF:6
FNH:2
FNDA:4,(anonymous_6)
FNDA:0,(anonymous_7)
FNDA:0,(anonymous_8)
FNDA:0,(anonymous_9)
FNDA:0,(anonymous_10)
FNDA:18,(anonymous_11)
DA:1,1
DA:11,1
DA:13,1
DA:14,4
DA:15,4
DA:17,4
DA:18,4
DA:20,4
DA:36,1
DA:37,18
DA:38,17
DA:39,17
LF:12
LH:12
BRDA:38,0,0,0
BRF:1
BRH:0
end_of_record
